C51 COMPILER V9.54   MAIN                                                                  07/18/2023 22:44:18 PAGE 1   


C51 COMPILER V9.54, COMPILATION OF MODULE MAIN
OBJECT MODULE PLACED IN .\Objects\main.obj
COMPILER INVOKED BY: d:\Keil_v5\C51\BIN\C51.EXE main.c OPTIMIZE(8,SPEED) BROWSE DEBUG OBJECTEXTEND PRINT(.\Listings\main
                    -.lst) TABS(2) OBJECT(.\Objects\main.obj)

line level    source

   1          #include <REGX52.h>
   2          #include "Delay.h"
   3          #include "Timer0.h"
   4          
   5          sbit Buzzer = P2^5;
   6          
   7          #define SPEED 500
   8          
   9          #define P   0
  10          #define L1  1
  11          #define L1_ 2
  12          #define L2  3
  13          #define L2_ 4
  14          #define L3  5
  15          #define L4  6
  16          #define L4_ 7
  17          #define L5  8
  18          #define L5_ 9
  19          #define L6  10
  20          #define L6_ 11
  21          #define L7  12
  22          #define M1  13
  23          #define M1_ 14
  24          #define M2  15
  25          #define M2_ 16
  26          #define M3  17
  27          #define M4  18
  28          #define M4_ 19
  29          #define M5  20
  30          #define M5_ 21
  31          #define M6  22
  32          #define M6_ 23
  33          #define M7  24
  34          #define H1  25
  35          #define H1_ 26
  36          #define H2  27
  37          #define H2_ 28
  38          #define H3  29
  39          #define H4  30
  40          #define H4_ 31
  41          #define H5  32
  42          #define H5_ 33
  43          #define H6  34
  44          #define H6_ 35
  45          #define H7  36
  46          
  47          unsigned int FreqTable[] = {
  48            0,
  49            63628,63731,63835,63928,64021,64103,64185,64260,64331,64400,64463,64528,
  50            64580,64633,64684,64732,64777,64820,64860,64898,64934,64968,65000,65030,
  51            65058,65085,65110,65134,65157,65178,65198,65217,65235,65252,65268,65283
  52          };
  53          
  54          unsigned char Music[] = {
C51 COMPILER V9.54   MAIN                                                                  07/18/2023 22:44:18 PAGE 2   

  55            P,  4,
  56            P,  4,
  57            P,  4,
  58            M6, 2,
  59            M7, 4,
  60            
  61            H1, 4 + 2,
  62            M7, 2,
  63            H1, 4,
  64            H3, 4,
  65            
  66            M7, 4 + 4 + 4,
  67            M3, 2,
  68            M3, 2,
  69            
  70            0xFF
  71          };
  72          
  73          unsigned char FreqSelect, MusicSelect;
  74          
  75          int main(void){
  76   1        Timer0Init();
  77   1        while(1){
  78   2          if(Music[MusicSelect] != 0xFF){
  79   3            FreqSelect = Music[MusicSelect];
  80   3            MusicSelect++;
  81   3            Delay(SPEED / 4 * Music[MusicSelect]);
  82   3            MusicSelect++;
  83   3            TR0 = 0;
  84   3            Delay(5);
  85   3            TR0 = 1;      
  86   3          }
  87   2          else{
  88   3            TR0 = 0;
  89   3            while(1);
  90   3          }   
  91   2        }
  92   1      }
  93          
  94          void Timer0_Routine() interrupt 1{
  95   1        if(FreqTable[FreqSelect]){
  96   2          TH0 = FreqTable[FreqSelect] / 256;
  97   2          TL0 = FreqTable[FreqSelect] % 256;
  98   2          Buzzer = !Buzzer;
  99   2        }
 100   1      }


MODULE INFORMATION:   STATIC OVERLAYABLE
   CODE SIZE        =    119    ----
   CONSTANT SIZE    =   ----    ----
   XDATA SIZE       =   ----    ----
   PDATA SIZE       =   ----    ----
   DATA SIZE        =    101    ----
   IDATA SIZE       =   ----    ----
   BIT SIZE         =   ----    ----
END OF MODULE INFORMATION.


C51 COMPILATION COMPLETE.  0 WARNING(S),  0 ERROR(S)
