C51 COMPILER V9.54   TIMER0                                                                07/17/2023 21:48:47 PAGE 1   


C51 COMPILER V9.54, COMPILATION OF MODULE TIMER0
OBJECT MODULE PLACED IN .\Objects\Timer0.obj
COMPILER INVOKED BY: d:\Keil_v5\C51\BIN\C51.EXE ..\10-2 DS1302¿Éµ÷Ê±ÖÓ\Timer0.c OPTIMIZE(8,SPEED) BROWSE DEBUG OBJECTEXT
                    -END PRINT(.\Listings\Timer0.lst) TABS(2) OBJECT(.\Objects\Timer0.obj)

line level    source

   1          #include <REGX52.h>
   2          
   3          /**
   4            * @brief  å®šæ—¶å™¨0åˆå§‹åŒ–ï¼Œ1æ¯«ç§’@11.0592MHz
   5            * @param  æ— 
   6            * @retval æ— 
   7            */
   8          
   9          void Timer0Init(void)   //1æ¯«ç§’@11.0592MHz
  10          {
  11   1        TMOD &= 0xF0;   //è®¾ç½®å®šæ—¶å™¨æ¨¡å¼
  12   1        TMOD |= 0x01;   //è®¾ç½®å®šæ—¶å™¨æ¨¡å¼
  13   1        TL0 = 0x66;   //è®¾ç½®å®šæ—¶åˆå€¼
  14   1        TH0 = 0xFC;   //è®¾ç½®å®šæ—¶åˆå€¼
  15   1        TF0 = 0;    //æ¸…é™¤TF0æ ‡å¿—
  16   1        TR0 = 1;    //å®šæ—¶å™¨0å¼€å§‹è®¡æ—¶
  17   1        
  18   1        //ä¸­æ–­å™¨å¯åŠ¨
  19   1        ET0 = 1;
  20   1        EA = 1;
  21   1        PT0 = 0;
  22   1      }
  23          
  24          /*å®šæ—¶å™¨ä¸­æ–­å‡½æ•°æ¨¡æ¿
  25          void Timer0_Routine() interrupt 1{
  26            static unsigned int T0Count = 0;
  27            TH0 = 0xFC;
  28            TL0 = 0x66;
  29            T0Count++;
  30            if(T0Count >= 1000){
  31              T0Count = 0;
  32            }
  33          }
  34          */


MODULE INFORMATION:   STATIC OVERLAYABLE
   CODE SIZE        =     23    ----
   CONSTANT SIZE    =   ----    ----
   XDATA SIZE       =   ----    ----
   PDATA SIZE       =   ----    ----
   DATA SIZE        =   ----    ----
   IDATA SIZE       =   ----    ----
   BIT SIZE         =   ----    ----
END OF MODULE INFORMATION.


C51 COMPILATION COMPLETE.  0 WARNING(S),  0 ERROR(S)
