C51 COMPILER V9.54   KEY                                                                   07/30/2023 15:01:48 PAGE 1   


C51 COMPILER V9.54, COMPILATION OF MODULE KEY
OBJECT MODULE PLACED IN .\Objects\Key.obj
COMPILER INVOKED BY: d:\Keil_v5\C51\BIN\C51.EXE Key.c OPTIMIZE(8,SPEED) BROWSE DEBUG OBJECTEXTEND PRINT(.\Listings\Key.l
                    -st) TABS(2) OBJECT(.\Objects\Key.obj)

line level    source

   1          #include <REGX52.h>
   2          
   3          unsigned char Key_Number;
   4          
   5          unsigned char Key(void){
   6   1        unsigned char Temp;
   7   1        Temp = Key_Number;
   8   1        Key_Number = 0;
   9   1        return Temp;
  10   1      }
  11          
  12          unsigned char Key_GetState(void){
  13   1        unsigned char KeyNumber = 0;
  14   1        
  15   1        if(P3_1 == 0){KeyNumber = 1;}
  16   1        if(P3_0 == 0){KeyNumber = 2;}
  17   1        if(P3_2 == 0){KeyNumber = 3;}
  18   1        if(P3_3 == 0){KeyNumber = 4;}
  19   1        
  20   1        return KeyNumber;
  21   1      }
  22          
  23          void Key_Loop(void){
  24   1        static unsigned char NowState, LastState;
  25   1        LastState = NowState;
  26   1        NowState = Key_GetState();
  27   1        
  28   1        if(LastState == 1 && NowState == 0){
  29   2          Key_Number = 1;
  30   2        }
  31   1        if(LastState == 2 && NowState == 0){
  32   2          Key_Number = 2;
  33   2        }
  34   1        if(LastState == 3 && NowState == 0){
  35   2          Key_Number = 3;
  36   2        }
  37   1        if(LastState == 4 && NowState == 0){
  38   2          Key_Number = 4;
  39   2        }
  40   1      }


MODULE INFORMATION:   STATIC OVERLAYABLE
   CODE SIZE        =     85    ----
   CONSTANT SIZE    =   ----    ----
   XDATA SIZE       =   ----    ----
   PDATA SIZE       =   ----    ----
   DATA SIZE        =      3    ----
   IDATA SIZE       =   ----    ----
   BIT SIZE         =   ----    ----
END OF MODULE INFORMATION.


C51 COMPILATION COMPLETE.  0 WARNING(S),  0 ERROR(S)
