C51 COMPILER V9.54   NIXIE                                                                 07/30/2023 16:01:30 PAGE 1   


C51 COMPILER V9.54, COMPILATION OF MODULE NIXIE
OBJECT MODULE PLACED IN .\Objects\nixie.obj
COMPILER INVOKED BY: d:\Keil_v5\C51\BIN\C51.EXE nixie.c OPTIMIZE(8,SPEED) BROWSE DEBUG OBJECTEXTEND PRINT(.\Listings\nix
                    -ie.lst) TABS(2) OBJECT(.\Objects\nixie.obj)

line level    source

   1          #include <REGX52.h>
   2          
   3          unsigned char Nixie_Buf[9] = {0, 10, 10, 10, 10, 10, 10, 10, 10};
   4          
   5          unsigned int nixie_table[] = {0x3F, 0x06, 0x5B, 0x4F, 0x66, 0x6D, 0x7D,
   6          0x07, 0x7F, 0x6F, 0x00, 0x40};
   7          
   8          void Nixie_SetBuf(unsigned Location, Number){
   9   1        Nixie_Buf[Location] = Number;
  10   1      }
  11          
  12          void Nixie_Scan(unsigned int location, unsigned int number){
  13   1        P0 = 0X00;
  14   1        switch(location){
  15   2          case 1:P2_4 = 1; P2_3 = 1; P2_2 = 1;break;
  16   2          case 2:P2_4 = 1; P2_3 = 1; P2_2 = 0;break;
  17   2          case 3:P2_4 = 1; P2_3 = 0; P2_2 = 1;break;
  18   2          case 4:P2_4 = 1; P2_3 = 0; P2_2 = 0;break;
  19   2          case 5:P2_4 = 0; P2_3 = 1; P2_2 = 1;break;
  20   2          case 6:P2_4 = 0; P2_3 = 1; P2_2 = 0;break;
  21   2          case 7:P2_4 = 0; P2_3 = 0; P2_2 = 1;break;
  22   2          case 8:P2_4 = 0; P2_3 = 0; P2_2 = 0;break;
  23   2        }
  24   1        P0 = nixie_table[number];
  25   1      }
  26          
  27          void Nixie_Loop(void){
  28   1        static unsigned char i = 1;
  29   1        Nixie_Scan(i, Nixie_Buf[i]);
  30   1        i++;
  31   1        if(i > 8)i = 1;
  32   1      }


MODULE INFORMATION:   STATIC OVERLAYABLE
   CODE SIZE        =    144    ----
   CONSTANT SIZE    =   ----    ----
   XDATA SIZE       =   ----    ----
   PDATA SIZE       =   ----    ----
   DATA SIZE        =     34    ----
   IDATA SIZE       =   ----    ----
   BIT SIZE         =   ----    ----
END OF MODULE INFORMATION.


C51 COMPILATION COMPLETE.  0 WARNING(S),  0 ERROR(S)
