C51 COMPILER V9.54   NIXIE                                                                 07/16/2023 21:29:04 PAGE 1   


C51 COMPILER V9.54, COMPILATION OF MODULE NIXIE
OBJECT MODULE PLACED IN .\Objects\nixie.obj
COMPILER INVOKED BY: d:\Keil_v5\C51\BIN\C51.EXE nixie.c OPTIMIZE(8,SPEED) BROWSE DEBUG OBJECTEXTEND PRINT(.\Listings\nix
                    -ie.lst) TABS(2) OBJECT(.\Objects\nixie.obj)

line level    source

   1          #include <REGX52.h>
   2          #include "delay.h"
   3          
   4          unsigned int nixie_table[] = {0x3F, 0x06, 0x5B, 0x4F, 0x66, 0x6D, 0x7D,
   5          0x07, 0x7F, 0x6F, 0x77, 0x7C, 0x39, 0x5E, 0x79, 0x71, 0x00};
   6          
   7          void nixie(unsigned int location, unsigned int number){
   8   1        switch(location){
   9   2          case 1:P2_4 = 1; P2_3 = 1; P2_2 = 1;break;
  10   2          case 2:P2_4 = 1; P2_3 = 1; P2_2 = 0;break;
  11   2          case 3:P2_4 = 1; P2_3 = 0; P2_2 = 1;break;
  12   2          case 4:P2_4 = 1; P2_3 = 0; P2_2 = 0;break;
  13   2          case 5:P2_4 = 0; P2_3 = 1; P2_2 = 1;break;
  14   2          case 6:P2_4 = 0; P2_3 = 1; P2_2 = 0;break;
  15   2          case 7:P2_4 = 0; P2_3 = 0; P2_2 = 1;break;
  16   2          case 8:P2_4 = 0; P2_3 = 0; P2_2 = 0;break;
  17   2        }
  18   1        P0 = nixie_table[number];
  19   1        //Delay(0.5);
  20   1        //P0 = 0X00;
  21   1      }


MODULE INFORMATION:   STATIC OVERLAYABLE
   CODE SIZE        =    105    ----
   CONSTANT SIZE    =   ----    ----
   XDATA SIZE       =   ----    ----
   PDATA SIZE       =   ----    ----
   DATA SIZE        =     34    ----
   IDATA SIZE       =   ----    ----
   BIT SIZE         =   ----    ----
END OF MODULE INFORMATION.


C51 COMPILATION COMPLETE.  0 WARNING(S),  0 ERROR(S)
