C51 COMPILER V9.54   DS1302                                                                07/11/2023 22:59:06 PAGE 1   


C51 COMPILER V9.54, COMPILATION OF MODULE DS1302
OBJECT MODULE PLACED IN .\Objects\DS1302.obj
COMPILER INVOKED BY: d:\Keil_v5\C51\BIN\C51.EXE DS1302.c OPTIMIZE(8,SPEED) BROWSE DEBUG OBJECTEXTEND PRINT(.\Listings\DS
                    -1302.lst) TABS(2) OBJECT(.\Objects\DS1302.obj)

line level    source

   1          #include <REGX51.h>
   2          
   3          sbit DS1302_SCLK = P3^6;
   4          sbit DS1302_IO = P3^4;
   5          sbit DS1302_CE = P3^5;
   6          
   7          void DS1302_Init(void){
   8   1        DS1302_SCLK = 0;
   9   1        DS1302_CE = 0;
  10   1      }
  11          
  12          void DS1302_WriteByte(unsigned char Command, Data){
  13   1        unsigned char i;
  14   1        DS1302_CE = 1;
  15   1        
  16   1        for(i = 0; i < 8; i++){
  17   2          DS1302_IO = Command & (0x01 << i);
  18   2          DS1302_SCLK = 1;
  19   2          DS1302_SCLK = 0;
  20   2        }
  21   1        
  22   1        for(i = 0; i < 8; i++){
  23   2          DS1302_IO = Data & (0x01 << i);
  24   2          DS1302_SCLK = 1;
  25   2          DS1302_SCLK = 0;
  26   2        }
  27   1        
  28   1        DS1302_CE = 0;
  29   1      }
  30          
  31          unsigned char DS1302_ReadByte(unsigned char Command){
  32   1        unsigned char i, Data = 0x00;
  33   1        DS1302_CE = 1;
  34   1        
  35   1        for(i = 0; i < 8; i++){
  36   2          DS1302_IO = Command & (0x01 << i);
  37   2          DS1302_SCLK = 0;
  38   2          DS1302_SCLK = 1;
  39   2        }
  40   1        for(i = 0; i < 8; i++){
  41   2          DS1302_SCLK = 1;
  42   2          DS1302_SCLK = 0;
  43   2          if(DS1302_IO){Data |= (0x01 << i);}   
  44   2        }
  45   1        DS1302_CE = 0;
  46   1        DS1302_IO = 0;
  47   1        return Data;
  48   1      }


MODULE INFORMATION:   STATIC OVERLAYABLE
   CODE SIZE        =    167    ----
   CONSTANT SIZE    =   ----    ----
   XDATA SIZE       =   ----    ----
C51 COMPILER V9.54   DS1302                                                                07/11/2023 22:59:06 PAGE 2   

   PDATA SIZE       =   ----    ----
   DATA SIZE        =   ----       2
   IDATA SIZE       =   ----    ----
   BIT SIZE         =   ----    ----
END OF MODULE INFORMATION.


C51 COMPILATION COMPLETE.  0 WARNING(S),  0 ERROR(S)
