C51 COMPILER V9.54   MAIN                                                                  07/12/2023 17:33:31 PAGE 1   


C51 COMPILER V9.54, COMPILATION OF MODULE MAIN
OBJECT MODULE PLACED IN .\Objects\main.obj
COMPILER INVOKED BY: d:\Keil_v5\C51\BIN\C51.EXE main.c OPTIMIZE(8,SPEED) BROWSE DEBUG OBJECTEXTEND PRINT(.\Listings\main
                    -.lst) TABS(2) OBJECT(.\Objects\main.obj)

line level    source

   1          #include <REGX51.h>
   2          #include "LCD1602.h"
   3          #include "DS1302.h"
   4          #include "Delay.h"
   5          
   6          int main(void){
   7   1        LCD_Init();
   8   1        DS1302_Init();
   9   1        LCD_ShowString(1, 1, "  -  -  ");
  10   1        LCD_ShowString(2, 1, "  :  :  ");
  11   1        
  12   1        DS1302_SetTime();
  13   1      
  14   1        while(1){
  15   2          DS1302_ReadTime();
  16   2          LCD_ShowNum(1, 1, DS1302_Time[0], 2);
  17   2          LCD_ShowNum(1, 4, DS1302_Time[1], 2);
  18   2          LCD_ShowNum(1, 7, DS1302_Time[2], 2);
  19   2          LCD_ShowNum(2, 1, DS1302_Time[3], 2);
  20   2          LCD_ShowNum(2, 4, DS1302_Time[4], 2);
  21   2          LCD_ShowNum(2, 7, DS1302_Time[5], 2);
  22   2        }
  23   1      }


MODULE INFORMATION:   STATIC OVERLAYABLE
   CODE SIZE        =    130    ----
   CONSTANT SIZE    =     18    ----
   XDATA SIZE       =   ----    ----
   PDATA SIZE       =   ----    ----
   DATA SIZE        =   ----    ----
   IDATA SIZE       =   ----    ----
   BIT SIZE         =   ----    ----
END OF MODULE INFORMATION.


C51 COMPILATION COMPLETE.  0 WARNING(S),  0 ERROR(S)
