C51 COMPILER V9.54   MAIN                                                                  06/08/2023 20:16:11 PAGE 1   


C51 COMPILER V9.54, COMPILATION OF MODULE MAIN
OBJECT MODULE PLACED IN .\Objects\main.obj
COMPILER INVOKED BY: d:\Keil_v5\C51\BIN\C51.EXE main.c OPTIMIZE(8,SPEED) BROWSE DEBUG OBJECTEXTEND PRINT(.\Listings\main
                    -.lst) TABS(2) OBJECT(.\Objects\main.obj)

line level    source

   1          #include <REGX52.h>
   2          #include "Delay.h"
   3          #include "LCD1602.h"
   4          #include "MatrixKey.h"
   5          
   6          unsigned char KeyNum;
   7          unsigned int Password = 0, Count = 0;
   8          
   9          int main(void){
  10   1        LCD_Init();
  11   1        LCD_ShowString(1, 1, "Password:");
  12   1        while(1){
  13   2          KeyNum = MatrixKey();
  14   2          if(KeyNum){
  15   3            if(KeyNum <= 10 && Count++ < 4){  //如果按下S1~S10按键：输入密码;只能输入4位密码
  16   4              Password *= 10; //密码左移一位
  17   4              Password += KeyNum % 10;  //获取一位密码
  18   4            }
  19   3            LCD_ShowNum(2, 1, Password, 4); //显示密码
  20   3            
  21   3            if(KeyNum == 11){ //确认密码
  22   4              if(Password == 2345){
  23   5                LCD_ShowString(1, 14, "OK!");
  24   5                Password = 0;
  25   5                Count = 0;
  26   5                LCD_ShowNum(2, 1, Password, 4);
  27   5              }
  28   4              else{
  29   5                LCD_ShowString(1, 14, "ERR");
  30   5                Password = 0;
  31   5                Count = 0;
  32   5                LCD_ShowNum(2, 1, Password, 4);
  33   5              }
  34   4            }
  35   3            
  36   3            if(KeyNum == 12){ //重输密码
  37   4              LCD_Init();
  38   4              LCD_ShowString(1, 1, "Password:");
  39   4              Password = 0;
  40   4              Count = 0;
  41   4              LCD_ShowNum(2, 1, Password, 4);
  42   4            }
  43   3          }
  44   2        }
  45   1      }


MODULE INFORMATION:   STATIC OVERLAYABLE
   CODE SIZE        =    206    ----
   CONSTANT SIZE    =     18    ----
   XDATA SIZE       =   ----    ----
   PDATA SIZE       =   ----    ----
   DATA SIZE        =      5    ----
   IDATA SIZE       =   ----    ----
C51 COMPILER V9.54   MAIN                                                                  06/08/2023 20:16:11 PAGE 2   

   BIT SIZE         =   ----    ----
END OF MODULE INFORMATION.


C51 COMPILATION COMPLETE.  0 WARNING(S),  0 ERROR(S)
