C51 COMPILER V9.54   MATRIXKEY                                                             06/08/2023 19:23:38 PAGE 1   


C51 COMPILER V9.54, COMPILATION OF MODULE MATRIXKEY
OBJECT MODULE PLACED IN .\Objects\MatrixKey.obj
COMPILER INVOKED BY: d:\Keil_v5\C51\BIN\C51.EXE MatrixKey.c OPTIMIZE(8,SPEED) BROWSE DEBUG OBJECTEXTEND PRINT(.\Listings
                    -\MatrixKey.lst) TABS(2) OBJECT(.\Objects\MatrixKey.obj)

line level    source

   1          #include <REGX52.h>
   2          #include "Delay.h"
   3          
   4          /**
   5            * @brief 矩阵键盘读取按键键码
   6            * @param 无
   7            * @retval KeyNumber 按下键盘的键码值
   8                      如果按键按下不放，程序会停留在此函数，松手的一瞬间，
   9                      返回按键键码，没有按键按下时返回0
  10            */
  11          
  12          unsigned char MatrixKey(){
  13   1        unsigned char KeyNumber = 0;
  14   1        
  15   1        P1 = 0xFF;
  16   1        P1_3 = 0;
  17   1        if(P1_7 == 0){Delay(20);while(P1_7 == 0);Delay(20);KeyNumber = 1;}
  18   1        if(P1_6 == 0){Delay(20);while(P1_6 == 0);Delay(20);KeyNumber = 5;}
  19   1        if(P1_5 == 0){Delay(20);while(P1_5 == 0);Delay(20);KeyNumber = 9;}
  20   1        if(P1_4 == 0){Delay(20);while(P1_4 == 0);Delay(20);KeyNumber = 13;}
  21   1        
  22   1        P1 = 0xFF;
  23   1        P1_2 = 0;
  24   1        if(P1_7 == 0){Delay(20);while(P1_7 == 0);Delay(20);KeyNumber = 2;}
  25   1        if(P1_6 == 0){Delay(20);while(P1_6 == 0);Delay(20);KeyNumber = 6;}
  26   1        if(P1_5 == 0){Delay(20);while(P1_5 == 0);Delay(20);KeyNumber = 10;}
  27   1        if(P1_4 == 0){Delay(20);while(P1_4 == 0);Delay(20);KeyNumber = 14;}
  28   1        
  29   1        P1 = 0xFF;
  30   1        P1_1 = 0;
  31   1        if(P1_7 == 0){Delay(20);while(P1_7 == 0);Delay(20);KeyNumber = 3;}
  32   1        if(P1_6 == 0){Delay(20);while(P1_6 == 0);Delay(20);KeyNumber = 7;}
  33   1        if(P1_5 == 0){Delay(20);while(P1_5 == 0);Delay(20);KeyNumber = 11;}
  34   1        if(P1_4 == 0){Delay(20);while(P1_4 == 0);Delay(20);KeyNumber = 15;}
  35   1        
  36   1        P1 = 0xFF;
  37   1        P1_0 = 0;
  38   1        if(P1_7 == 0){Delay(20);while(P1_7 == 0);Delay(20);KeyNumber = 4;}
  39   1        if(P1_6 == 0){Delay(20);while(P1_6 == 0);Delay(20);KeyNumber = 8;}
  40   1        if(P1_5 == 0){Delay(20);while(P1_5 == 0);Delay(20);KeyNumber = 12;}
  41   1        if(P1_4 == 0){Delay(20);while(P1_4 == 0);Delay(20);KeyNumber = 16;}
  42   1        
  43   1        return KeyNumber;
  44   1      }


MODULE INFORMATION:   STATIC OVERLAYABLE
   CODE SIZE        =    393    ----
   CONSTANT SIZE    =   ----    ----
   XDATA SIZE       =   ----    ----
   PDATA SIZE       =   ----    ----
   DATA SIZE        =   ----       1
   IDATA SIZE       =   ----    ----
   BIT SIZE         =   ----    ----
C51 COMPILER V9.54   MATRIXKEY                                                             06/08/2023 19:23:38 PAGE 2   

END OF MODULE INFORMATION.


C51 COMPILATION COMPLETE.  0 WARNING(S),  0 ERROR(S)
