C51 COMPILER V9.54   MAIN                                                                  06/04/2023 02:19:52 PAGE 1   


C51 COMPILER V9.54, COMPILATION OF MODULE MAIN
OBJECT MODULE PLACED IN .\Objects\main.obj
COMPILER INVOKED BY: d:\Keil_v5\C51\BIN\C51.EXE main.c OPTIMIZE(8,SPEED) BROWSE DEBUG OBJECTEXTEND PRINT(.\Listings\main
                    -.lst) TABS(2) OBJECT(.\Objects\main.obj)

line level    source

   1          #include <REGX52.h>
   2          
   3          void Delay(unsigned int time_ms);
   4          
   5          int main(void){
   6   1        while(1){
   7   2          if(P3_1 == 0){
   8   3            Delay(20);
   9   3            while(P3_1 == 0);
  10   3            
  11   3            P2_0 = ~P2_0;
  12   3          }
  13   2        }
  14   1      }
  15          
  16          void Delay(unsigned time_ms)    //@12.000MHz
  17          {
  18   1        unsigned char i, j;
  19   1      
  20   1        while(time_ms){
  21   2          i = 2;
  22   2          j = 239;
  23   2          do
  24   2          {
  25   3            while (--j);
  26   3          } while (--i);
  27   2          time_ms--;
  28   2        }
  29   1      }


MODULE INFORMATION:   STATIC OVERLAYABLE
   CODE SIZE        =     37    ----
   CONSTANT SIZE    =   ----    ----
   XDATA SIZE       =   ----    ----
   PDATA SIZE       =   ----    ----
   DATA SIZE        =   ----    ----
   IDATA SIZE       =   ----    ----
   BIT SIZE         =   ----    ----
END OF MODULE INFORMATION.


C51 COMPILATION COMPLETE.  0 WARNING(S),  0 ERROR(S)
