C51 COMPILER V9.54   MAIN                                                                  06/10/2023 02:43:10 PAGE 1   


C51 COMPILER V9.54, COMPILATION OF MODULE MAIN
OBJECT MODULE PLACED IN .\Objects\main.obj
COMPILER INVOKED BY: d:\Keil_v5\C51\BIN\C51.EXE main.c OPTIMIZE(8,SPEED) BROWSE DEBUG OBJECTEXTEND PRINT(.\Listings\main
                    -.lst) TABS(2) OBJECT(.\Objects\main.obj)

line level    source

   1          #include <REGX52.h>
   2          
   3          void Timer0_Init();
   4          
   5          int main(void){
   6   1        Timer0_Init();
   7   1        while(1){
   8   2          
   9   2        }
  10   1      }
  11          
  12          void Timer0_Init(){
  13   1        TMOD = 0x01;  //0000 0001，十六位
  14   1        TF0 = 0;  //溢出中断标志
  15   1        TR0 = 1;  //开始工作
  16   1        /*一个寄存器存8位（2的8次方等于256），要存65535即需16位，此时就把
  17   1        两个寄存器拼起来，从而达到存16位的目的。
  18   1        TL0存256以下的数，TH0存以上的*/
  19   1        TH0 = 64535 / 256;
  20   1        TL0 = 64535 % 256;
  21   1        
  22   1        //中断器启动
  23   1        ET0 = 1;
  24   1        EA = 1;
  25   1        PT0 = 0;
  26   1      }
  27          
  28          unsigned int T0Count = 0;
  29          void Timer0_Routine() interrupt 1{
  30   1        TH0 = 64535 / 256;
  31   1        TL0 = 64535 % 256;
  32   1        T0Count++;
  33   1        if(T0Count >= 1000){
  34   2          T0Count = 0;
  35   2          P2_0 = ~P2_0;
  36   2        }
  37   1      }


MODULE INFORMATION:   STATIC OVERLAYABLE
   CODE SIZE        =     65    ----
   CONSTANT SIZE    =   ----    ----
   XDATA SIZE       =   ----    ----
   PDATA SIZE       =   ----    ----
   DATA SIZE        =      2    ----
   IDATA SIZE       =   ----    ----
   BIT SIZE         =   ----    ----
END OF MODULE INFORMATION.


C51 COMPILATION COMPLETE.  0 WARNING(S),  0 ERROR(S)
