C51 COMPILER V9.54   MAIN                                                                  06/11/2023 23:08:20 PAGE 1   


C51 COMPILER V9.54, COMPILATION OF MODULE MAIN
OBJECT MODULE PLACED IN .\Objects\main.obj
COMPILER INVOKED BY: d:\Keil_v5\C51\BIN\C51.EXE main.c OPTIMIZE(8,SPEED) BROWSE DEBUG OBJECTEXTEND PRINT(.\Listings\main
                    -.lst) TABS(2) OBJECT(.\Objects\main.obj)

line level    source

   1          #include <REGX52.h>
   2          #include "Delay.h"
   3          #include "LCD1602.h"
   4          #include "Timer0.h"
   5          
   6          unsigned char second = 0, min = 0, hour = 0;
   7          
   8          int main(void){
   9   1        LCD_Init();
  10   1        Timer0Init();
  11   1        
  12   1        LCD_ShowString(1, 1, "Clock:");
  13   1        LCD_ShowString(2, 1, "  :  :");
  14   1        while(1){
  15   2          LCD_ShowNum(2, 1, hour, 2);
  16   2          LCD_ShowNum(2, 4, min, 2);
  17   2          LCD_ShowNum(2, 7, second, 2);
  18   2        }
  19   1      }
  20          
  21          void Timer0_Routine() interrupt 1{
  22   1        static unsigned int T0Count = 0;
  23   1        TH0 = 0xFC;
  24   1        TL0 = 0x66;
  25   1        T0Count++;
  26   1        if(T0Count >= 1000){
  27   2          T0Count = 0;
  28   2          second++;
  29   2          if(second == 60){
  30   3            second = 0;
  31   3            min++;
  32   3          }
  33   2          if(min == 60){
  34   3            min = 0;
  35   3            hour++;
  36   3          }
  37   2          if(hour = 24)
*** WARNING C276 IN LINE 37 OF main.c: constant in condition expression
  38   2            hour = 0;
  39   2        }
  40   1      }


MODULE INFORMATION:   STATIC OVERLAYABLE
   CODE SIZE        =    145    ----
   CONSTANT SIZE    =     14    ----
   XDATA SIZE       =   ----    ----
   PDATA SIZE       =   ----    ----
   DATA SIZE        =      5    ----
   IDATA SIZE       =   ----    ----
   BIT SIZE         =   ----    ----
END OF MODULE INFORMATION.


C51 COMPILATION COMPLETE.  1 WARNING(S),  0 ERROR(S)
