C51 COMPILER V9.54   MAIN                                                                  06/03/2023 19:39:59 PAGE 1   


C51 COMPILER V9.54, COMPILATION OF MODULE MAIN
OBJECT MODULE PLACED IN .\Objects\main.obj
COMPILER INVOKED BY: d:\Keil_v5\C51\BIN\C51.EXE main.c OPTIMIZE(8,SPEED) BROWSE DEBUG OBJECTEXTEND PRINT(.\Listings\main
                    -.lst) TABS(2) OBJECT(.\Objects\main.obj)

line level    source

   1          #include <REGX52.h>
   2          #define DELAY_TIME 100
   3          
   4          void Delay(unsigned int time_ms);
   5          
   6          int main(void){
   7   1        while(1){
   8   2          P2 = 0xFE;  //1111 1110
   9   2          Delay(1000);
  10   2          P2 = 0xFD;  //1111 1101
  11   2          Delay(1000);
  12   2          P2 = 0xFB;  //1111 1011
  13   2          Delay(DELAY_TIME);
  14   2          P2 = 0xF7;  //1111 0111
  15   2          Delay(DELAY_TIME);
  16   2          P2 = 0xEF;  //1110 1111
  17   2          Delay(DELAY_TIME);
  18   2          P2 = 0xDF;  //1101 1111
  19   2          Delay(DELAY_TIME);
  20   2          P2 = 0xBF;  //1011 1111
  21   2          Delay(DELAY_TIME);
  22   2          P2 = 0x7F;  //0111 1111
  23   2          Delay(DELAY_TIME);
  24   2        }
  25   1      }
  26          
  27          void Delay(unsigned int time_ms)    //@12.000MHz
  28          {
  29   1        unsigned char i, j;
  30   1        
  31   1        while(time_ms){
  32   2          i = 2;
  33   2          j = 239;
  34   2          do{
  35   3            while (--j);
  36   3          } while (--i);
  37   2          time_ms--;
  38   2        }
  39   1      }


MODULE INFORMATION:   STATIC OVERLAYABLE
   CODE SIZE        =     82    ----
   CONSTANT SIZE    =   ----    ----
   XDATA SIZE       =   ----    ----
   PDATA SIZE       =   ----    ----
   DATA SIZE        =   ----    ----
   IDATA SIZE       =   ----    ----
   BIT SIZE         =   ----    ----
END OF MODULE INFORMATION.


C51 COMPILATION COMPLETE.  0 WARNING(S),  0 ERROR(S)
