C51 COMPILER V9.54   I2C                                                                   07/28/2023 23:04:34 PAGE 1   


C51 COMPILER V9.54, COMPILATION OF MODULE I2C
OBJECT MODULE PLACED IN .\Objects\I2C.obj
COMPILER INVOKED BY: d:\Keil_v5\C51\BIN\C51.EXE I2C.c OPTIMIZE(8,SPEED) BROWSE DEBUG OBJECTEXTEND PRINT(.\Listings\I2C.l
                    -st) TABS(2) OBJECT(.\Objects\I2C.obj)

line level    source

   1          #include <REGX52.h>
   2          
   3          sbit I2C_SCL = P2^1;
   4          sbit I2C_SDA = P2^0;
   5          
   6          /**
   7            * @brief  I2C开始
   8            * @param  无
   9            * @retval 无
  10            */
  11          void I2C_Start(void){
  12   1        I2C_SDA = 1;
  13   1        I2C_SCL = 1;
  14   1        I2C_SDA = 0;
  15   1        I2C_SCL = 0;
  16   1      }
  17          
  18          /**
  19            * @brief  I2C停止
  20            * @param  无
  21            * @retval 无
  22            */
  23          void I2C_Stop(void){
  24   1        I2C_SDA = 0;
  25   1        I2C_SCL = 1;
  26   1        I2C_SDA = 1;
  27   1      }
  28          
  29          /**
  30            * @brief  I2C发送一个字节
  31            * @param  Byte：要发送的字节
  32            * @retval 字节
  33            */
  34          void I2C_SendByte(unsigned char Byte){
  35   1        unsigned char i;
  36   1        for(i = 0; i < 8; i++){
  37   2          I2C_SDA = Byte&(0x80 >> i);
  38   2          I2C_SCL = 1;
  39   2          I2C_SCL = 0;
  40   2        }
  41   1      }
  42          
  43          /**
  44            * @brief  I2C接收一个字节
  45            * @param  无
  46            * @retval 接收到的一个字节数据
  47            */
  48          unsigned char I2C_ReceiveByte(void){
  49   1        unsigned char i, Byte = 0x00;
  50   1        
  51   1        I2C_SDA = 1;
  52   1        for(i = 0; i < 8; i++){
  53   2          I2C_SCL = 1;
  54   2          if(I2C_SDA){Byte |= (0x80>>i);}
C51 COMPILER V9.54   I2C                                                                   07/28/2023 23:04:34 PAGE 2   

  55   2          I2C_SCL = 0;
  56   2        }
  57   1        
  58   1        return Byte;
  59   1      }
  60          
  61          /**
  62            * @brief  I2C发送应答
  63            * @param  AckBit：应答位，0为应答，1为非应答
  64            * @retval 无
  65            */
  66          void I2C_SendAck(unsigned char AckBit){
  67   1        I2C_SDA = AckBit;
  68   1        I2C_SCL = 1;
  69   1        I2C_SCL = 0;
  70   1      }
  71          
  72          /**
  73            * @brief  I2C接受应答位
  74            * @param  无
  75            * @retval 接收到的应答位，0为应答，1为非应答
  76            */
  77          unsigned char I2C_ReceiveAck(void){
  78   1        unsigned char AckBit;
  79   1        
  80   1        I2C_SDA = 1;
  81   1        I2C_SCL = 1;
  82   1        AckBit = I2C_SDA;
  83   1        I2C_SCL = 0;
  84   1        
  85   1        return AckBit;
  86   1      }


MODULE INFORMATION:   STATIC OVERLAYABLE
   CODE SIZE        =    109    ----
   CONSTANT SIZE    =   ----    ----
   XDATA SIZE       =   ----    ----
   PDATA SIZE       =   ----    ----
   DATA SIZE        =   ----    ----
   IDATA SIZE       =   ----    ----
   BIT SIZE         =   ----    ----
END OF MODULE INFORMATION.


C51 COMPILATION COMPLETE.  0 WARNING(S),  0 ERROR(S)
