C51 COMPILER V9.54   MAIN                                                                  06/04/2023 02:36:00 PAGE 1   


C51 COMPILER V9.54, COMPILATION OF MODULE MAIN
OBJECT MODULE PLACED IN .\Objects\main.obj
COMPILER INVOKED BY: d:\Keil_v5\C51\BIN\C51.EXE main.c OPTIMIZE(8,SPEED) BROWSE DEBUG OBJECTEXTEND PRINT(.\Listings\main
                    -.lst) TABS(2) OBJECT(.\Objects\main.obj)

line level    source

   1          #include <REGX52.h>
   2          
   3          void Delay(unsigned int time_ms);
   4          
   5          int main(void){
   6   1        while(1){
   7   2          if(P3_1 == 0){
   8   3            Delay(20);
   9   3            while(P3_1 == 0);
  10   3            Delay(20);
  11   3            
  12   3            P2--;
  13   3          }
  14   2        }
  15   1      }
  16          
  17          void Delay(unsigned int time_ms){   //@12.000MHz
  18   1        unsigned char i, j;
  19   1        while(time_ms--){
  20   2          i = 2;
  21   2          j = 239;
  22   2          do{
  23   3            while (--j);
  24   3          } while (--i);
  25   2        }
  26   1      }


MODULE INFORMATION:   STATIC OVERLAYABLE
   CODE SIZE        =     45    ----
   CONSTANT SIZE    =   ----    ----
   XDATA SIZE       =   ----    ----
   PDATA SIZE       =   ----    ----
   DATA SIZE        =   ----    ----
   IDATA SIZE       =   ----    ----
   BIT SIZE         =   ----    ----
END OF MODULE INFORMATION.


C51 COMPILATION COMPLETE.  0 WARNING(S),  0 ERROR(S)
