C51 COMPILER V9.54   DS1302                                                                07/13/2023 22:51:51 PAGE 1   


C51 COMPILER V9.54, COMPILATION OF MODULE DS1302
OBJECT MODULE PLACED IN .\Objects\DS1302.obj
COMPILER INVOKED BY: d:\Keil_v5\C51\BIN\C51.EXE DS1302.c OPTIMIZE(8,SPEED) BROWSE DEBUG OBJECTEXTEND PRINT(.\Listings\DS
                    -1302.lst) TABS(2) OBJECT(.\Objects\DS1302.obj)

line level    source

   1          #include <REGX51.h>
   2          
   3          sbit DS1302_SCLK = P3^6;
   4          sbit DS1302_IO = P3^4;
   5          sbit DS1302_CE = P3^5;
   6          
   7          #define DS1302_SECOND   0x80
   8          #define DS1302_MINUTE   0x82
   9          #define DS1302_HOUR     0x84
  10          #define DS1302_DATE     0x86
  11          #define DS1302_MONTH    0x88
  12          #define DS1302_DAY      0x8A
  13          #define DS1302_YEAR     0x8C
  14          #define DS1302_WP       0x8E
  15          
  16          char DS1302_Time[] = {23, 7, 12, 17, 59, 55, 3};
  17          
  18          void DS1302_Init(void){
  19   1        DS1302_SCLK = 0;
  20   1        DS1302_CE = 0;
  21   1      }
  22          
  23          void DS1302_WriteByte(unsigned char Command, Data){
  24   1        unsigned char i;
  25   1        DS1302_CE = 1;
  26   1        
  27   1        for(i = 0; i < 8; i++){
  28   2          DS1302_IO = Command & (0x01 << i);
  29   2          DS1302_SCLK = 1;
  30   2          DS1302_SCLK = 0;
  31   2        }
  32   1        
  33   1        for(i = 0; i < 8; i++){
  34   2          DS1302_IO = Data & (0x01 << i);
  35   2          DS1302_SCLK = 1;
  36   2          DS1302_SCLK = 0;
  37   2        }
  38   1        
  39   1        DS1302_CE = 0;
  40   1      }
  41          
  42          unsigned char DS1302_ReadByte(unsigned char Command){
  43   1        unsigned char i, Data = 0x00;
  44   1        Command |= 0x01;
  45   1        DS1302_CE = 1;
  46   1        
  47   1        for(i = 0; i < 8; i++){
  48   2          DS1302_IO = Command & (0x01 << i);
  49   2          DS1302_SCLK = 0;
  50   2          DS1302_SCLK = 1;
  51   2        }
  52   1        for(i = 0; i < 8; i++){
  53   2          DS1302_SCLK = 1;
  54   2          DS1302_SCLK = 0;
C51 COMPILER V9.54   DS1302                                                                07/13/2023 22:51:51 PAGE 2   

  55   2          if(DS1302_IO){Data |= (0x01 << i);}   
  56   2        }
  57   1        DS1302_CE = 0;
  58   1        DS1302_IO = 0;
  59   1        return Data;
  60   1      }
  61          
  62          void DS1302_SetTime(void){
  63   1        DS1302_WriteByte(DS1302_WP, 0x00);
  64   1        DS1302_WriteByte(DS1302_YEAR, DS1302_Time[0] / 10 * 16 + DS1302_Time[0] % 10);
  65   1        DS1302_WriteByte(DS1302_MONTH, DS1302_Time[1] / 10 * 16 + DS1302_Time[1] % 10);
  66   1        DS1302_WriteByte(DS1302_DATE, DS1302_Time[2] / 10 * 16 + DS1302_Time[2] % 10);
  67   1        DS1302_WriteByte(DS1302_HOUR, DS1302_Time[3] / 10 * 16 + DS1302_Time[3] % 10);
  68   1        DS1302_WriteByte(DS1302_MINUTE, DS1302_Time[4] / 10 * 16 + DS1302_Time[4] % 10);
  69   1        DS1302_WriteByte(DS1302_SECOND, DS1302_Time[5] / 10 * 16 + DS1302_Time[5] % 10);
  70   1        DS1302_WriteByte(DS1302_DAY, DS1302_Time[6] / 10 * 16 + DS1302_Time[6] % 10);
  71   1        DS1302_WriteByte(DS1302_WP, 0x80);
  72   1      }
  73          
  74          void DS1302_ReadTime(void){
  75   1        unsigned char Temp;
  76   1        Temp = DS1302_ReadByte(DS1302_YEAR);
  77   1        DS1302_Time[0] = Temp / 16 * 10 + Temp % 16;
  78   1        Temp = DS1302_ReadByte(DS1302_MONTH);
  79   1        DS1302_Time[1] = Temp / 16 * 10 + Temp % 16;
  80   1        Temp = DS1302_ReadByte(DS1302_DATE);
  81   1        DS1302_Time[2] = Temp / 16 * 10 + Temp % 16;
  82   1        Temp = DS1302_ReadByte(DS1302_HOUR);
  83   1        DS1302_Time[3] = Temp / 16 * 10 + Temp % 16;
  84   1        Temp = DS1302_ReadByte(DS1302_MINUTE);
  85   1        DS1302_Time[4] = Temp / 16 * 10 + Temp % 16;
  86   1        Temp = DS1302_ReadByte(DS1302_SECOND);
  87   1        DS1302_Time[5] = Temp / 16 * 10 + Temp % 16;
  88   1        Temp = DS1302_ReadByte(DS1302_DAY);
  89   1        DS1302_Time[6] = Temp / 16 * 10 + Temp % 16;
  90   1      }


MODULE INFORMATION:   STATIC OVERLAYABLE
   CODE SIZE        =    694    ----
   CONSTANT SIZE    =   ----    ----
   XDATA SIZE       =   ----    ----
   PDATA SIZE       =   ----    ----
   DATA SIZE        =      7       2
   IDATA SIZE       =   ----    ----
   BIT SIZE         =   ----    ----
END OF MODULE INFORMATION.


C51 COMPILATION COMPLETE.  0 WARNING(S),  0 ERROR(S)
