C51 COMPILER V9.54   MAIN                                                                  06/03/2023 19:01:16 PAGE 1   


C51 COMPILER V9.54, COMPILATION OF MODULE MAIN
OBJECT MODULE PLACED IN .\Objects\main.obj
COMPILER INVOKED BY: d:\Keil_v5\C51\BIN\C51.EXE main.c OPTIMIZE(8,SPEED) BROWSE DEBUG OBJECTEXTEND PRINT(.\Listings\main
                    -.lst) TABS(2) OBJECT(.\Objects\main.obj)

line level    source

   1          #include <REGX52.h>
   2          #include <INTRINS.h>
   3          
   4          void Delay500ms();
   5          
   6          int main(void){
   7   1        while(1){
   8   2          P2 = 0xFE;  //1111 1110
   9   2          Delay500ms();
  10   2          P2 = 0xFD;  //1111 1101
  11   2          Delay500ms();
  12   2          P2 = 0xFB;  //1111 1011
  13   2          Delay500ms();
  14   2          P2 = 0xF7;  //1111 0111
  15   2          Delay500ms();
  16   2          P2 = 0xEF;  //1110 1111
  17   2          Delay500ms();
  18   2          P2 = 0xDF;  //1101 1111
  19   2          Delay500ms();
  20   2          P2 = 0xBF;  //1011 1111
  21   2          Delay500ms();
  22   2          P2 = 0x7F;  //0111 1111
  23   2          Delay500ms();
  24   2        }
  25   1      }
  26          
  27          void Delay500ms()   //@12.000MHz
  28          {
  29   1        unsigned char i, j, k;
  30   1      
  31   1        _nop_();
  32   1        i = 4;
  33   1        j = 205;
  34   1        k = 187;
  35   1        do
  36   1        {
  37   2          do
  38   2          {
  39   3            while (--k);
  40   3          } while (--j);
  41   2        } while (--i);
  42   1      }


MODULE INFORMATION:   STATIC OVERLAYABLE
   CODE SIZE        =     64    ----
   CONSTANT SIZE    =   ----    ----
   XDATA SIZE       =   ----    ----
   PDATA SIZE       =   ----    ----
   DATA SIZE        =   ----    ----
   IDATA SIZE       =   ----    ----
   BIT SIZE         =   ----    ----
END OF MODULE INFORMATION.


C51 COMPILATION COMPLETE.  0 WARNING(S),  0 ERROR(S)
