C51 COMPILER V9.54   MAIN                                                                  07/09/2023 22:42:14 PAGE 1   


C51 COMPILER V9.54, COMPILATION OF MODULE MAIN
OBJECT MODULE PLACED IN .\Objects\main.obj
COMPILER INVOKED BY: d:\Keil_v5\C51\BIN\C51.EXE main.c OPTIMIZE(8,SPEED) BROWSE DEBUG OBJECTEXTEND PRINT(.\Listings\main
                    -.lst) TABS(2) OBJECT(.\Objects\main.obj)

line level    source

   1          #include <REGX52.h>
   2          #include "Delay.h"
   3          #include "MatrixLED.h"
   4          
   5          unsigned char Animation[] = {
   6            0x00,0x00,0x00,0x00,0x00,0x00,0x00,0x00,
   7            0xFF,0x08,0x08,0x08,0xFF,0x00,0x0E,0x15,
   8            0x15,0x0D,0x00,0x7E,0x01,0x02,0x00,0x7E,
   9            0x01,0x02,0x00,0x0E,0x11,0x11,0x0E,0x00,
  10            0x7D,0x00,0x00,0x00,0x00,0x00,0x00,0x00,
  11            0x00,0x00,0x00,0x00,0x00,0x00,0x00,0x00,
  12            0x00,0x00,0x00,0x00,0x00,0x00,0x00,0x00,
  13          };
  14          
  15          
  16          
  17          int main(void){
  18   1        unsigned char i, offset = 3, count = 0;
  19   1        MatrixLED_Init();
  20   1        while(1){
  21   2          for(i = 0; i < 8; i++){
  22   3            MatrixLED_ShowColimn(i, Animation[i + offset]);
  23   3          }
  24   2          count++;
  25   2          if(count > 10){
  26   3            count = 0;
  27   3            offset++;
  28   3            if(offset > 40)
  29   3              offset = 0;
  30   3          }
  31   2        }
  32   1      }


MODULE INFORMATION:   STATIC OVERLAYABLE
   CODE SIZE        =     63    ----
   CONSTANT SIZE    =   ----    ----
   XDATA SIZE       =   ----    ----
   PDATA SIZE       =   ----    ----
   DATA SIZE        =     56       3
   IDATA SIZE       =   ----    ----
   BIT SIZE         =   ----    ----
END OF MODULE INFORMATION.


C51 COMPILATION COMPLETE.  0 WARNING(S),  0 ERROR(S)
