C51 COMPILER V9.54   MATRIXLED                                                             07/09/2023 22:30:34 PAGE 1   


C51 COMPILER V9.54, COMPILATION OF MODULE MATRIXLED
OBJECT MODULE PLACED IN .\Objects\MatrixLED.obj
COMPILER INVOKED BY: d:\Keil_v5\C51\BIN\C51.EXE MatrixLED.c OPTIMIZE(8,SPEED) BROWSE DEBUG OBJECTEXTEND PRINT(.\Listings
                    -\MatrixLED.lst) TABS(2) OBJECT(.\Objects\MatrixLED.obj)

line level    source

   1          #include <REGX52.h>
   2          #include "Delay.h"
   3          
   4          sbit RCK = P3^5;  //RCLK
   5          sbit SCK = P3^6;  //SRCLK
   6          sbit SER = P3^4;  //SER
   7          
   8          #define MATRIX_LED_PORT P0
   9          
  10          /**
  11            * @brief 74HC595写入一个字节
  12            * @param 要写入的字节
  13            * @retval 无
  14            */
  15          
  16          void _74HC595_WriteByte(unsigned char Byte){
  17   1        unsigned char i;
  18   1        for(i = 0; i < 8; i++){
  19   2          SER = Byte & (0x80 >> i);
  20   2          SCK = 1;
  21   2          SCK = 0;
  22   2        }
  23   1        RCK = 1;
  24   1        RCK = 0;
  25   1      }
  26          
  27          /**
  28            * @brief  点阵屏初始化
  29            * @param  无
  30            * @retval 无
  31            */
  32          
  33          void MatrixLED_Init(){
  34   1        SCK = 0;
  35   1        RCK = 0;
  36   1      }
  37          
  38          /**
  39            * @brief LED点阵屏显示一列数据
  40            * @param Column要选择的列，范围：0~7，0在最左边
  41            * @param Data选择列显示的数据，高位在上，1为亮，0为灭
  42            * @retval 无
  43            */
  44          
  45          void MatrixLED_ShowColimn(unsigned char Column,Data){
  46   1        _74HC595_WriteByte(Data);
  47   1        MATRIX_LED_PORT = ~(0x80 >> Column);
  48   1        Delay(1);
  49   1        MATRIX_LED_PORT = 0xFF;
  50   1      }


MODULE INFORMATION:   STATIC OVERLAYABLE
   CODE SIZE        =     84    ----
C51 COMPILER V9.54   MATRIXLED                                                             07/09/2023 22:30:34 PAGE 2   

   CONSTANT SIZE    =   ----    ----
   XDATA SIZE       =   ----    ----
   PDATA SIZE       =   ----    ----
   DATA SIZE        =   ----    ----
   IDATA SIZE       =   ----    ----
   BIT SIZE         =   ----    ----
END OF MODULE INFORMATION.


C51 COMPILATION COMPLETE.  0 WARNING(S),  0 ERROR(S)
