C51 COMPILER V9.54   MAIN                                                                  06/26/2023 23:27:17 PAGE 1   


C51 COMPILER V9.54, COMPILATION OF MODULE MAIN
OBJECT MODULE PLACED IN .\Objects\main.obj
COMPILER INVOKED BY: d:\Keil_v5\C51\BIN\C51.EXE main.c OPTIMIZE(8,SPEED) BROWSE DEBUG OBJECTEXTEND PRINT(.\Listings\main
                    -.lst) TABS(2) OBJECT(.\Objects\main.obj)

line level    source

   1          #include <REGX52.h>
   2          #include "Delay.h"
   3          #include "UART.h"
   4          
   5          unsigned char Sec = 0;
   6          
   7          int main(void){
   8   1        UART_Init();
   9   1        
  10   1        while(1){
  11   2          UART_SendByte(Sec++);
  12   2          Delay(1000);  //输出过快有时会出错，所以延迟下
  13   2        }
  14   1      }
  15          


MODULE INFORMATION:   STATIC OVERLAYABLE
   CODE SIZE        =     19    ----
   CONSTANT SIZE    =   ----    ----
   XDATA SIZE       =   ----    ----
   PDATA SIZE       =   ----    ----
   DATA SIZE        =      1    ----
   IDATA SIZE       =   ----    ----
   BIT SIZE         =   ----    ----
END OF MODULE INFORMATION.


C51 COMPILATION COMPLETE.  0 WARNING(S),  0 ERROR(S)
