C51 COMPILER V9.54   UART                                                                  06/26/2023 23:27:17 PAGE 1   


C51 COMPILER V9.54, COMPILATION OF MODULE UART
OBJECT MODULE PLACED IN .\Objects\UART.obj
COMPILER INVOKED BY: d:\Keil_v5\C51\BIN\C51.EXE UART.c OPTIMIZE(8,SPEED) BROWSE DEBUG OBJECTEXTEND PRINT(.\Listings\UART
                    -.lst) TABS(2) OBJECT(.\Objects\UART.obj)

line level    source

   1          #include <REGX52.h>
   2          
   3          void UART_Init(void){ //4800bps@11.0592MHz
   4   1        PCON &= 0x7F;   //波特率不倍速
   5   1        SCON = 0x50;    //8位数据,可变波特率
   6   1        TMOD &= 0x0F;   //清除定时器1模式位
   7   1        TMOD |= 0x20;   //设定定时器1为8位自动重装方式
   8   1        TL1 = 0xFA;   //设定定时初值
   9   1        TH1 = 0xFA;   //设定定时器重装值
  10   1        ET1 = 0;    //禁止定时器1中断
  11   1        TR1 = 1;    //启动定时器1
  12   1      }
  13          
  14          void UART_SendByte(unsigned char Byte){
  15   1        SBUF = Byte;
  16   1        while(TI == 0);
  17   1        TI = 0;
  18   1      }


MODULE INFORMATION:   STATIC OVERLAYABLE
   CODE SIZE        =     31    ----
   CONSTANT SIZE    =   ----    ----
   XDATA SIZE       =   ----    ----
   PDATA SIZE       =   ----    ----
   DATA SIZE        =   ----    ----
   IDATA SIZE       =   ----    ----
   BIT SIZE         =   ----    ----
END OF MODULE INFORMATION.


C51 COMPILATION COMPLETE.  0 WARNING(S),  0 ERROR(S)
