C51 COMPILER V9.54   MAIN                                                                  06/02/2023 19:53:06 PAGE 1   


C51 COMPILER V9.54, COMPILATION OF MODULE MAIN
OBJECT MODULE PLACED IN .\Objects\main.obj
COMPILER INVOKED BY: d:\Keil_v5\C51\BIN\C51.EXE main.c OPTIMIZE(8,SPEED) BROWSE DEBUG OBJECTEXTEND PRINT(.\Listings\main
                    -.lst) TABS(2) OBJECT(.\Objects\main.obj)

line level    source

   1          #include <REGX52.h>
   2          #include <INTRINS.h>
   3          
   4           void Delay500ms();
   5          
   6          int main(void){
   7   1        while(1){
   8   2          P2 = 0xFE;
   9   2          Delay500ms();
  10   2          P2 = 0xFF;
  11   2          Delay500ms();
  12   2        }
  13   1      }
  14          
  15          void Delay500ms()   //@12.000MHz
  16          {
  17   1        unsigned char i, j, k;
  18   1      
  19   1        _nop_();
  20   1        i = 4;
  21   1        j = 205;
  22   1        k = 187;
  23   1        do
  24   1        {
  25   2          do
  26   2          {
  27   3            while (--k);
  28   3          } while (--j);
  29   2        } while (--i);
  30   1      }


MODULE INFORMATION:   STATIC OVERLAYABLE
   CODE SIZE        =     28    ----
   CONSTANT SIZE    =   ----    ----
   XDATA SIZE       =   ----    ----
   PDATA SIZE       =   ----    ----
   DATA SIZE        =   ----    ----
   IDATA SIZE       =   ----    ----
   BIT SIZE         =   ----    ----
END OF MODULE INFORMATION.


C51 COMPILATION COMPLETE.  0 WARNING(S),  0 ERROR(S)
